0 info it worked if it ends with ok
1 verbose cli [ 'D:\\Program Files\\nodejs\\node.exe',
1 verbose cli   'D:\\Program Files\\nodejs\\node_modules\\npm\\bin\\npm-cli.js',
1 verbose cli   'start' ]
2 info using npm@3.10.10
3 info using node@v6.11.2
4 verbose run-script [ 'prestart', 'start', 'poststart' ]
5 info lifecycle sporttrainer@1.0.0~prestart: sporttrainer@1.0.0
6 silly lifecycle sporttrainer@1.0.0~prestart: no script for prestart, continuing
7 info lifecycle sporttrainer@1.0.0~start: sporttrainer@1.0.0
8 verbose lifecycle sporttrainer@1.0.0~start: unsafe-perm in lifecycle true
9 verbose lifecycle sporttrainer@1.0.0~start: PATH: D:\Program Files\nodejs\node_modules\npm\bin\node-gyp-bin;D:\Documents\ДонНУ\3 семестр\Курсова\Kurs_app\node_modules\.bin;C:\ProgramData\Oracle\Java\javapath;C:\WINDOWS\system32;C:\WINDOWS;C:\WINDOWS\System32\Wbem;C:\WINDOWS\System32\WindowsPowerShell\v1.0\;C:\WINDOWS\system32\config\systemprofile\.dnx\bin;C:\Program Files\Microsoft DNX\Dnvm\;C:\Program Files (x86)\Windows Kits\8.1\Windows Performance Toolkit\;C:\Program Files\Microsoft SQL Server\130\Tools\Binn\;C:\Program Files (x86)\MySQL\MySQL Utilities 1.6\;"C:\Program Files\Java\jdk1.8.0_121\bin\";D:\Program Files\Skype\Phone\;D:\Program Files\Git\cmd;D:\Program Files\nodejs\;C:\Users\Юрій\AppData\Local\Microsoft\WindowsApps;D:\Program Files\Microsoft VS Code\bin;"C:\Program Files\Java\jdk1.8.0_121\bin\javac.exe";C:\Users\Юрій\AppData\Local\GitHubDesktop\bin;C:\Users\Юрій\AppData\Roaming\npm
10 verbose lifecycle sporttrainer@1.0.0~start: CWD: D:\Documents\ДонНУ\3 семестр\Курсова\Kurs_app
11 silly lifecycle sporttrainer@1.0.0~start: Args: [ '/d /s /c', 'index.js' ]
12 silly lifecycle sporttrainer@1.0.0~start: Returned: code: 1  signal: null
13 info lifecycle sporttrainer@1.0.0~start: Failed to exec start script
14 verbose stack Error: sporttrainer@1.0.0 start: `index.js`
14 verbose stack Exit status 1
14 verbose stack     at EventEmitter.<anonymous> (D:\Program Files\nodejs\node_modules\npm\lib\utils\lifecycle.js:255:16)
14 verbose stack     at emitTwo (events.js:106:13)
14 verbose stack     at EventEmitter.emit (events.js:191:7)
14 verbose stack     at ChildProcess.<anonymous> (D:\Program Files\nodejs\node_modules\npm\lib\utils\spawn.js:40:14)
14 verbose stack     at emitTwo (events.js:106:13)
14 verbose stack     at ChildProcess.emit (events.js:191:7)
14 verbose stack     at maybeClose (internal/child_process.js:891:16)
14 verbose stack     at Process.ChildProcess._handle.onexit (internal/child_process.js:226:5)
15 verbose pkgid sporttrainer@1.0.0
16 verbose cwd D:\Documents\ДонНУ\3 семестр\Курсова\Kurs_app
17 error Windows_NT 10.0.14393
18 error argv "D:\\Program Files\\nodejs\\node.exe" "D:\\Program Files\\nodejs\\node_modules\\npm\\bin\\npm-cli.js" "start"
19 error node v6.11.2
20 error npm  v3.10.10
21 error code ELIFECYCLE
22 error sporttrainer@1.0.0 start: `index.js`
22 error Exit status 1
23 error Failed at the sporttrainer@1.0.0 start script 'index.js'.
23 error Make sure you have the latest version of node.js and npm installed.
23 error If you do, this is most likely a problem with the sporttrainer package,
23 error not with npm itself.
23 error Tell the author that this fails on your system:
23 error     index.js
23 error You can get information on how to open an issue for this project with:
23 error     npm bugs sporttrainer
23 error Or if that isn't available, you can get their info via:
23 error     npm owner ls sporttrainer
23 error There is likely additional logging output above.
24 verbose exit [ 1, true ]
